2025-04-09 15:54:56.695224 - Received CBT.V508.FILE1008.PDS from FILE1008.XMI 
2025-04-09 15:54:56.712546 - Found $$$#DATE.txt (text/plain) in CBT.V508.FILE1008.PDS, moved to PDS/$$$#DATE
2025-04-09 15:54:56.713159 - Found $$$INDEX.txt (text/plain) in CBT.V508.FILE1008.PDS, moved to PDS/$$$INDEX
2025-04-09 15:54:56.713864 - Found $$INSTAL.txt (text/plain) in CBT.V508.FILE1008.PDS, moved to PDS/$$INSTAL
2025-04-09 15:54:56.714484 - Found $$NOTE00.txt (text/plain) in CBT.V508.FILE1008.PDS, moved to PDS/$$NOTE00
2025-04-09 15:54:56.715168 - Found @FIL1008.txt (text/plain) in CBT.V508.FILE1008.PDS, moved to PDS/@FIL1008
2025-04-09 15:54:56.715785 - Found ISPPLIB.xmi (application/xmit) in CBT.V508.FILE1008.PDS, moved to PDS/ISPPLIB.xmi
2025-04-09 15:54:56.724237 - Received ABBYDALE.ISPPREP.ISPPLIB from ISPPLIB.xmi 
2025-04-09 15:54:56.725354 - Found ISPPREPA.bin (application/octet-stream) in ABBYDALE.ISPPREP.ISPPLIB, moved to ISPPLIB/ISPPREPA
2025-04-09 15:54:56.726254 - Found JCL.xmi (application/xmit) in CBT.V508.FILE1008.PDS, moved to PDS/JCL.xmi
2025-04-09 15:54:56.776120 - Received ABBYDALE.ISPPREP.JCL from JCL.xmi 
2025-04-09 15:54:56.777304 - Found ASL0001.txt (text/plain) in ABBYDALE.ISPPREP.JCL, moved to JCL/ASL0001
2025-04-09 15:54:56.777924 - Found ASL0002.txt (text/plain) in ABBYDALE.ISPPREP.JCL, moved to JCL/ASL0002
2025-04-09 15:54:56.778441 - Found IEBCOPY.jcl (text/plain) in ABBYDALE.ISPPREP.JCL, moved to JCL/IEBCOPY
2025-04-09 15:54:56.779055 - Found IEBCOPY2.jcl (text/plain) in ABBYDALE.ISPPREP.JCL, moved to JCL/IEBCOPY2
2025-04-09 15:54:56.779674 - Found SMPEJCL.jcl (text/plain) in ABBYDALE.ISPPREP.JCL, moved to JCL/SMPEJCL
2025-04-09 15:54:56.780281 - Found SMPEPROC.txt (text/plain) in ABBYDALE.ISPPREP.JCL, moved to JCL/SMPEPROC
2025-04-09 15:54:56.780918 - Found ZAP.jcl (text/plain) in ABBYDALE.ISPPREP.JCL, moved to JCL/ZAP
2025-04-09 15:54:56.781839 - Found LOADLIB.xmi (application/xmit) in CBT.V508.FILE1008.PDS, moved to PDS/LOADLIB.xmi
2025-04-09 15:54:56.791756 - Received ABBYDALE.ISPPREP.LOADLIB from LOADLIB.xmi 
2025-04-09 15:54:56.792859 - Found ISPPREP.bin (application/octet-stream) in ABBYDALE.ISPPREP.LOADLIB, moved to LOADLIB/ISPPREP
2025-04-09 15:54:56.793684 - Found README.txt (text/plain) in CBT.V508.FILE1008.PDS, moved to PDS/README
2025-04-09 15:54:56.794335 - Found UNPACK.rexx (text/plain) in CBT.V508.FILE1008.PDS, moved to PDS/UNPACK
